<?xml version="1.0" encoding="UTF-8"?>
<!-- Generated by org.testng.reporters.JUnitReportReporter -->
<testsuite skipped="0" hostname="E7450" name="com.mockaroo.MockarooDataValidation" tests="13" failures="0" timestamp="26 Jun 2018 11:27:29 GMT" time="15.714" errors="0">
  <testcase name="step3" time="0.097" classname="com.mockaroo.MockarooDataValidation"/>
  <testcase name="step4" time="0.275" classname="com.mockaroo.MockarooDataValidation"/>
  <testcase name="step5_6" time="0.605" classname="com.mockaroo.MockarooDataValidation"/>
  <testcase name="step7" time="0.048" classname="com.mockaroo.MockarooDataValidation"/>
  <testcase name="step8" time="0.031" classname="com.mockaroo.MockarooDataValidation"/>
  <testcase name="step9" time="0.093" classname="com.mockaroo.MockarooDataValidation"/>
  <testcase name="step10" time="0.104" classname="com.mockaroo.MockarooDataValidation"/>
  <testcase name="step11" time="0.070" classname="com.mockaroo.MockarooDataValidation"/>
  <testcase name="step12_13" time="0.460" classname="com.mockaroo.MockarooDataValidation"/>
  <testcase name="step14_15_16" time="8.866" classname="com.mockaroo.MockarooDataValidation"/>
  <testcase name="step17_18" time="5.014" classname="com.mockaroo.MockarooDataValidation"/>
  <testcase name="step22" time="0.046" classname="com.mockaroo.MockarooDataValidation"/>
  <testcase name="step26_27" time="0.005" classname="com.mockaroo.MockarooDataValidation"/>
</testsuite> <!-- com.mockaroo.MockarooDataValidation -->
