<?xml version="1.0" encoding="UTF-8"?>
<!-- Generated by org.testng.reporters.JUnitReportReporter -->
<testsuite skipped="0" hostname="E7450" name="com.mockaroo.MockarooDataValidation" tests="13" failures="0" timestamp="26 Jun 2018 11:20:40 GMT" time="16.663" errors="0">
  <testcase name="step8" time="0.163" classname="com.mockaroo.MockarooDataValidation"/>
  <testcase name="step3" time="0.012" classname="com.mockaroo.MockarooDataValidation"/>
  <testcase name="step4" time="0.345" classname="com.mockaroo.MockarooDataValidation"/>
  <testcase name="step5_6" time="0.866" classname="com.mockaroo.MockarooDataValidation"/>
  <testcase name="step7" time="0.079" classname="com.mockaroo.MockarooDataValidation"/>
  <testcase name="step9" time="0.140" classname="com.mockaroo.MockarooDataValidation"/>
  <testcase name="step10" time="0.131" classname="com.mockaroo.MockarooDataValidation"/>
  <testcase name="step11" time="0.108" classname="com.mockaroo.MockarooDataValidation"/>
  <testcase name="step12_13" time="0.663" classname="com.mockaroo.MockarooDataValidation"/>
  <testcase name="step14_15_16" time="9.071" classname="com.mockaroo.MockarooDataValidation"/>
  <testcase name="step17_18" time="5.022" classname="com.mockaroo.MockarooDataValidation"/>
  <testcase name="step22" time="0.056" classname="com.mockaroo.MockarooDataValidation"/>
  <testcase name="step26_27" time="0.007" classname="com.mockaroo.MockarooDataValidation"/>
</testsuite> <!-- com.mockaroo.MockarooDataValidation -->
